0 info it worked if it ends with ok
1 verbose cli [ '/usr/local/Cellar/node/7.2.0/bin/node',
1 verbose cli   '/usr/local/bin/npm',
1 verbose cli   'publish' ]
2 info using npm@3.10.9
3 info using node@v7.2.0
4 verbose publish [ '.' ]
5 silly cache add args [ '.', null ]
6 verbose cache add spec .
7 silly cache add parsed spec Result {
7 silly cache add   raw: '.',
7 silly cache add   scope: null,
7 silly cache add   escapedName: null,
7 silly cache add   name: null,
7 silly cache add   rawSpec: '.',
7 silly cache add   spec: '/Users/declanmcdonough/github/vue-stripe-card-form',
7 silly cache add   type: 'directory' }
8 verbose addLocalDirectory /Users/declanmcdonough/.npm/vue-stripe-card-form/1.0.0/package.tgz not in flight; packing
9 verbose correctMkdir /Users/declanmcdonough/.npm correctMkdir not in flight; initializing
10 info lifecycle vue-stripe-card-form@1.0.0~prepublish: vue-stripe-card-form@1.0.0
11 silly lifecycle vue-stripe-card-form@1.0.0~prepublish: no script for prepublish, continuing
12 verbose tar pack [ '/Users/declanmcdonough/.npm/vue-stripe-card-form/1.0.0/package.tgz',
12 verbose tar pack   '/Users/declanmcdonough/github/vue-stripe-card-form' ]
13 verbose tarball /Users/declanmcdonough/.npm/vue-stripe-card-form/1.0.0/package.tgz
14 verbose folder /Users/declanmcdonough/github/vue-stripe-card-form
15 verbose addLocalTarball adding from inside cache /Users/declanmcdonough/.npm/vue-stripe-card-form/1.0.0/package.tgz
16 verbose correctMkdir /Users/declanmcdonough/.npm correctMkdir not in flight; initializing
17 silly cache afterAdd vue-stripe-card-form@1.0.0
18 verbose afterAdd /Users/declanmcdonough/.npm/vue-stripe-card-form/1.0.0/package/package.json not in flight; writing
19 verbose correctMkdir /Users/declanmcdonough/.npm correctMkdir not in flight; initializing
20 verbose afterAdd /Users/declanmcdonough/.npm/vue-stripe-card-form/1.0.0/package/package.json written
21 silly publish { name: 'vue-stripe-card-form',
21 silly publish   version: '1.0.0',
21 silly publish   description: 'Vue component for taking card details and getting a token from stripe',
21 silly publish   main: 'src/StripeCardForm.vue',
21 silly publish   scripts: { test: 'echo "Error: no test specified" && exit 1' },
21 silly publish   repository:
21 silly publish    { type: 'git',
21 silly publish      url: 'git+https://github.com/deckymcdonough/vue-stripe-card-form.git' },
21 silly publish   keywords: [ 'vue', 'stripe' ],
21 silly publish   author:
21 silly publish    { name: 'Declan McDonough',
21 silly publish      email: 'declan@purelethal.com',
21 silly publish      url: 'http://purelethal.com/' },
21 silly publish   license: 'MIT',
21 silly publish   bugs: { url: 'https://github.com/deckymcdonough/vue-stripe-card-form/issues' },
21 silly publish   homepage: 'https://github.com/deckymcdonough/vue-stripe-card-form#readme',
21 silly publish   readme: 'vue-stripe-card-form\n=============\n\nForm for collecting credit card details and receiving a token from Stripe\n\n## Installation\n---------------\n##npm\n``` sh\nnpm install --save vue-stripe-card-form\n```\n',
21 silly publish   readmeFilename: 'README.md',
21 silly publish   gitHead: '62c5b0130ac508d8d3bd9a1d424bca99d1847a09',
21 silly publish   _id: 'vue-stripe-card-form@1.0.0',
21 silly publish   _shasum: '2dbc1338ee1141d5069c8bdfc20381252d48381a',
21 silly publish   _from: '.' }
22 verbose getPublishConfig undefined
23 silly mapToRegistry name vue-stripe-card-form
24 silly mapToRegistry using default registry
25 silly mapToRegistry registry https://registry.npmjs.org/
26 silly mapToRegistry data Result {
26 silly mapToRegistry   raw: 'vue-stripe-card-form',
26 silly mapToRegistry   scope: null,
26 silly mapToRegistry   escapedName: 'vue-stripe-card-form',
26 silly mapToRegistry   name: 'vue-stripe-card-form',
26 silly mapToRegistry   rawSpec: '',
26 silly mapToRegistry   spec: 'latest',
26 silly mapToRegistry   type: 'tag' }
27 silly mapToRegistry uri https://registry.npmjs.org/vue-stripe-card-form
28 verbose publish registryBase https://registry.npmjs.org/
29 silly publish uploading /Users/declanmcdonough/.npm/vue-stripe-card-form/1.0.0/package.tgz
30 verbose request uri https://registry.npmjs.org/vue-stripe-card-form
31 verbose request sending authorization for write operation
32 info attempt registry request try #1 at 2:09:26 PM
33 verbose request using bearer token for auth
34 verbose request id 32ceaba0bcc1b743
35 http request PUT https://registry.npmjs.org/vue-stripe-card-form
36 http 403 https://registry.npmjs.org/vue-stripe-card-form
37 verbose headers { 'content-type': 'application/json',
37 verbose headers   'cache-control': 'max-age=300',
37 verbose headers   'content-length': '95',
37 verbose headers   'accept-ranges': 'bytes',
37 verbose headers   date: 'Fri, 14 Apr 2017 13:09:27 GMT',
37 verbose headers   via: '1.1 varnish',
37 verbose headers   connection: 'keep-alive',
37 verbose headers   'x-served-by': 'cache-lcy1134-LCY',
37 verbose headers   'x-cache': 'MISS',
37 verbose headers   'x-cache-hits': '0',
37 verbose headers   'x-timer': 'S1492175367.115604,VS0,VE806',
37 verbose headers   vary: 'Accept-Encoding' }
38 verbose request invalidating /Users/declanmcdonough/.npm/registry.npmjs.org/vue-stripe-card-form on PUT
39 error publish Failed PUT 403
40 verbose stack Error: "You cannot publish over the previously published version 1.0.0." : vue-stripe-card-form
40 verbose stack     at makeError (/usr/local/lib/node_modules/npm/node_modules/npm-registry-client/lib/request.js:302:12)
40 verbose stack     at CachingRegistryClient.<anonymous> (/usr/local/lib/node_modules/npm/node_modules/npm-registry-client/lib/request.js:290:14)
40 verbose stack     at Request._callback (/usr/local/lib/node_modules/npm/node_modules/npm-registry-client/lib/request.js:210:14)
40 verbose stack     at Request.self.callback (/usr/local/lib/node_modules/npm/node_modules/request/request.js:187:22)
40 verbose stack     at emitTwo (events.js:106:13)
40 verbose stack     at Request.emit (events.js:191:7)
40 verbose stack     at Request.<anonymous> (/usr/local/lib/node_modules/npm/node_modules/request/request.js:1048:10)
40 verbose stack     at emitOne (events.js:96:13)
40 verbose stack     at Request.emit (events.js:188:7)
40 verbose stack     at IncomingMessage.<anonymous> (/usr/local/lib/node_modules/npm/node_modules/request/request.js:969:12)
41 verbose statusCode 403
42 verbose pkgid vue-stripe-card-form
43 verbose cwd /Users/declanmcdonough/github/vue-stripe-card-form
44 error Darwin 16.3.0
45 error argv "/usr/local/Cellar/node/7.2.0/bin/node" "/usr/local/bin/npm" "publish"
46 error node v7.2.0
47 error npm  v3.10.9
48 error code E403
49 error "You cannot publish over the previously published version 1.0.0." : vue-stripe-card-form
50 error If you need help, you may report this error at:
50 error     <https://github.com/npm/npm/issues>
51 verbose exit [ 1, true ]
